2025-12-09 11:58:07 | Prophet_Chattisgarh | INFO | Training Prophet Model for Chhattisgarh
2025-12-09 11:58:07 | Prophet_Chattisgarh | INFO | Fitting Data to the model......
2025-12-09 11:58:09 | Prophet_Chattisgarh | INFO | Model Training Complete

2025-12-09 11:58:09 | Prophet_Chattisgarh | INFO | Forecasting Test and Future Date
2025-12-09 11:58:09 | Prophet_Chattisgarh | INFO | Model Forecasting Complete

2025-12-09 11:58:09 | Prophet_Chattisgarh | INFO | Calculating MAE and RMSE for Test.....
2025-12-09 11:58:09 | Prophet_Chattisgarh | INFO | MAE and RMSE calculated

2025-12-09 11:58:09 | Prophet_Chattisgarh | INFO | Value of MAE for Prophet is 5.99
2025-12-09 11:58:09 | Prophet_Chattisgarh | INFO | Value of RMSE for Prophet is 7.98
2025-12-09 11:59:41 | Prophet_Chattisgarh | INFO | Training Prophet Model for Chhattisgarh
2025-12-09 11:59:41 | Prophet_Chattisgarh | INFO | Fitting Data to the model......
2025-12-09 11:59:43 | Prophet_Chattisgarh | INFO | Model Training Complete

2025-12-09 11:59:43 | Prophet_Chattisgarh | INFO | Forecasting Test and Future Date
2025-12-09 11:59:43 | Prophet_Chattisgarh | INFO | Model Forecasting Complete

2025-12-09 11:59:43 | Prophet_Chattisgarh | INFO | Calculating MAE and RMSE for Test.....
2025-12-09 11:59:43 | Prophet_Chattisgarh | INFO | MAE and RMSE calculated

2025-12-09 11:59:43 | Prophet_Chattisgarh | INFO | Value of MAE for Prophet is 5.99
2025-12-09 11:59:43 | Prophet_Chattisgarh | INFO | Value of RMSE for Prophet is 7.98
2025-12-09 12:26:24 | Prophet_Chattisgarh | INFO | Training Prophet Model for Chhattisgarh
2025-12-09 12:26:24 | Prophet_Chattisgarh | INFO | Fitting Data to the model......
2025-12-09 12:26:25 | Prophet_Chattisgarh | INFO | Model Training Complete

2025-12-09 12:26:25 | Prophet_Chattisgarh | INFO | Forecasting Test and Future Date
2025-12-09 12:26:25 | Prophet_Chattisgarh | INFO | Model Forecasting Complete

2025-12-09 12:26:25 | Prophet_Chattisgarh | INFO | Calculating MAE and RMSE for Test.....
2025-12-09 12:26:25 | Prophet_Chattisgarh | INFO | MAE and RMSE calculated

2025-12-09 12:26:25 | Prophet_Chattisgarh | INFO | Value of MAE for Prophet is 5.99
2025-12-09 12:26:25 | Prophet_Chattisgarh | INFO | Value of RMSE for Prophet is 7.98
2025-12-09 12:26:25 | Prophet_Chattisgarh | INFO | Saving Model
2025-12-09 12:26:25 | Prophet_Chattisgarh | INFO | Model Saved
2025-12-09 12:26:25 | Prophet_Chattisgarh | INFO | Creating Report for Prophet Chhattisgarh model
2025-12-09 12:26:25 | Prophet_Chattisgarh | INFO | Report Generated
2025-12-09 12:36:12 | Prophet_Chattisgarh | INFO | Training Prophet Model for Chhattisgarh
2025-12-09 12:36:12 | Prophet_Chattisgarh | INFO | Fitting Data to the model......
2025-12-09 12:36:13 | Prophet_Chattisgarh | INFO | Model Training Complete

2025-12-09 12:36:13 | Prophet_Chattisgarh | INFO | Forecasting Test and Future Date
2025-12-09 12:36:13 | Prophet_Chattisgarh | INFO | Model Forecasting Complete

2025-12-09 12:36:13 | Prophet_Chattisgarh | INFO | Calculating MAE and RMSE for Test.....
2025-12-09 12:36:13 | Prophet_Chattisgarh | INFO | MAE and RMSE calculated

2025-12-09 12:36:13 | Prophet_Chattisgarh | INFO | Value of MAE for Prophet is 5.99
2025-12-09 12:36:13 | Prophet_Chattisgarh | INFO | Value of RMSE for Prophet is 7.98
2025-12-09 12:36:13 | Prophet_Chattisgarh | INFO | Saving Model
2025-12-09 12:36:13 | Prophet_Chattisgarh | INFO | Model Saved
2025-12-09 12:36:13 | Prophet_Chattisgarh | INFO | Creating Report for Prophet Chhattisgarh model
2025-12-09 12:36:13 | Prophet_Chattisgarh | INFO | Report Generated
2025-12-09 12:39:56 | Prophet_Chattisgarh | INFO | Training Prophet Model for Chhattisgarh
2025-12-09 12:39:56 | Prophet_Chattisgarh | INFO | Fitting Data to the model......
2025-12-09 12:39:57 | Prophet_Chattisgarh | INFO | Model Training Complete

2025-12-09 12:39:57 | Prophet_Chattisgarh | INFO | Forecasting Test and Future Date
2025-12-09 12:39:57 | Prophet_Chattisgarh | INFO | Model Forecasting Complete

2025-12-09 12:39:57 | Prophet_Chattisgarh | INFO | Calculating MAE and RMSE for Test.....
2025-12-09 12:39:57 | Prophet_Chattisgarh | INFO | MAE and RMSE calculated

2025-12-09 12:39:57 | Prophet_Chattisgarh | INFO | Value of MAE for Prophet is 5.99
2025-12-09 12:39:57 | Prophet_Chattisgarh | INFO | Value of RMSE for Prophet is 7.98
2025-12-09 12:39:57 | Prophet_Chattisgarh | INFO | Saving Model
2025-12-09 12:39:57 | Prophet_Chattisgarh | INFO | Model Saved
2025-12-09 12:39:57 | Prophet_Chattisgarh | INFO | Creating Report for Prophet Chhattisgarh model
2025-12-09 12:39:58 | Prophet_Chattisgarh | INFO | Report Generated
2025-12-09 12:42:06 | Prophet_Chattisgarh | INFO | Training Prophet Model for Chhattisgarh
2025-12-09 12:42:06 | Prophet_Chattisgarh | INFO | Fitting Data to the model......
2025-12-09 12:42:07 | Prophet_Chattisgarh | INFO | Model Training Complete

2025-12-09 12:42:07 | Prophet_Chattisgarh | INFO | Forecasting Test and Future Date
2025-12-09 12:42:07 | Prophet_Chattisgarh | INFO | Model Forecasting Complete

2025-12-09 12:42:07 | Prophet_Chattisgarh | INFO | Calculating MAE and RMSE for Test.....
2025-12-09 12:42:08 | Prophet_Chattisgarh | INFO | MAE and RMSE calculated

2025-12-09 12:42:08 | Prophet_Chattisgarh | INFO | Value of MAE for Prophet is 5.99
2025-12-09 12:42:08 | Prophet_Chattisgarh | INFO | Value of RMSE for Prophet is 7.98
2025-12-09 12:42:08 | Prophet_Chattisgarh | INFO | Saving Model
2025-12-09 12:42:08 | Prophet_Chattisgarh | INFO | Model Saved
2025-12-09 12:42:08 | Prophet_Chattisgarh | INFO | Creating Report for Prophet Chhattisgarh model
2025-12-09 12:42:08 | Prophet_Chattisgarh | INFO | Report Generated
2025-12-09 15:20:04 | Prophet_Chattisgarh | INFO | Training Prophet Model for Chhattisgarh
2025-12-09 15:20:04 | Prophet_Chattisgarh | INFO | Fitting Data to the model......
2025-12-09 15:20:04 | Prophet_Chattisgarh | INFO | Model Training Complete

2025-12-09 15:20:04 | Prophet_Chattisgarh | INFO | Forecasting Test and Future Date
2025-12-09 15:20:05 | Prophet_Chattisgarh | INFO | Model Forecasting Complete

2025-12-09 15:20:05 | Prophet_Chattisgarh | INFO | Calculating MAE and RMSE for Test.....
2025-12-09 15:20:05 | Prophet_Chattisgarh | INFO | MAE and RMSE calculated

2025-12-09 15:20:05 | Prophet_Chattisgarh | INFO | Value of MAE for Prophet is 5.99
2025-12-09 15:20:05 | Prophet_Chattisgarh | INFO | Value of RMSE for Prophet is 7.98
2025-12-09 15:20:05 | Prophet_Chattisgarh | INFO | Saving Model
2025-12-09 15:20:05 | Prophet_Chattisgarh | INFO | Model Saved
2025-12-09 15:20:05 | Prophet_Chattisgarh | INFO | Creating Report for Prophet Chhattisgarh model
2025-12-09 15:20:05 | Prophet_Chattisgarh | ERROR | Error in Saving Model :[Errno 13] Permission denied: 'Reports\\models\\Model_Report_CG.csv'
Traceback (most recent call last):
  File "\\192.168.7.4\Data Science\Supply-Chain_management(SCM)\Source\Models\prophet_cg.py", line 75, in train_prophet_model_cg
    save_model_error.to_csv(config[f'model_evaluation_Chattisgarh'], mode = 'a', index = False, header=not pd.io.common.file_exists(config[f'model_evaluation_Chattisgarh']))
    ~~~~~~~~~~~~~~~~~~~~~~~^^^^^^^^^^^^^^^^^^^^^^^^^^^^^^^^^^^^^^^^^^^^^^^^^^^^^^^^^^^^^^^^^^^^^^^^^^^^^^^^^^^^^^^^^^^^^^^^^^^^^^^^^^^^^^^^^^^^^^^^^^^^^^^^^^^^^^^^^^^^^^^^^^
  File "C:\Users\MU_ICT_025\AppData\Local\Packages\PythonSoftwareFoundation.Python.3.13_qbz5n2kfra8p0\LocalCache\local-packages\Python313\site-packages\pandas\util\_decorators.py", line 333, in wrapper
    return func(*args, **kwargs)
  File "C:\Users\MU_ICT_025\AppData\Local\Packages\PythonSoftwareFoundation.Python.3.13_qbz5n2kfra8p0\LocalCache\local-packages\Python313\site-packages\pandas\core\generic.py", line 3989, in to_csv
    return DataFrameRenderer(formatter).to_csv(
           ~~~~~~~~~~~~~~~~~~~~~~~~~~~~~~~~~~~^
        path_or_buf,
        ^^^^^^^^^^^^
    ...<14 lines>...
        storage_options=storage_options,
        ^^^^^^^^^^^^^^^^^^^^^^^^^^^^^^^^
    )
    ^
  File "C:\Users\MU_ICT_025\AppData\Local\Packages\PythonSoftwareFoundation.Python.3.13_qbz5n2kfra8p0\LocalCache\local-packages\Python313\site-packages\pandas\io\formats\format.py", line 1014, in to_csv
    csv_formatter.save()
    ~~~~~~~~~~~~~~~~~~^^
  File "C:\Users\MU_ICT_025\AppData\Local\Packages\PythonSoftwareFoundation.Python.3.13_qbz5n2kfra8p0\LocalCache\local-packages\Python313\site-packages\pandas\io\formats\csvs.py", line 251, in save
    with get_handle(
         ~~~~~~~~~~^
        self.filepath_or_buffer,
        ^^^^^^^^^^^^^^^^^^^^^^^^
    ...<4 lines>...
        storage_options=self.storage_options,
        ^^^^^^^^^^^^^^^^^^^^^^^^^^^^^^^^^^^^^
    ) as handles:
    ^
  File "C:\Users\MU_ICT_025\AppData\Local\Packages\PythonSoftwareFoundation.Python.3.13_qbz5n2kfra8p0\LocalCache\local-packages\Python313\site-packages\pandas\io\common.py", line 873, in get_handle
    handle = open(
        handle,
    ...<3 lines>...
        newline="",
    )
PermissionError: [Errno 13] Permission denied: 'Reports\\models\\Model_Report_CG.csv'
2025-12-09 15:21:22 | Prophet_Chattisgarh | INFO | Training Prophet Model for Chhattisgarh
2025-12-09 15:21:22 | Prophet_Chattisgarh | INFO | Fitting Data to the model......
2025-12-09 15:21:23 | Prophet_Chattisgarh | INFO | Model Training Complete

2025-12-09 15:21:23 | Prophet_Chattisgarh | INFO | Forecasting Test and Future Date
2025-12-09 15:21:23 | Prophet_Chattisgarh | INFO | Model Forecasting Complete

2025-12-09 15:21:23 | Prophet_Chattisgarh | INFO | Calculating MAE and RMSE for Test.....
2025-12-09 15:21:23 | Prophet_Chattisgarh | INFO | MAE and RMSE calculated

2025-12-09 15:21:23 | Prophet_Chattisgarh | INFO | Value of MAE for Prophet is 5.99
2025-12-09 15:21:23 | Prophet_Chattisgarh | INFO | Value of RMSE for Prophet is 7.98
2025-12-09 15:21:23 | Prophet_Chattisgarh | INFO | Saving Model
2025-12-09 15:21:23 | Prophet_Chattisgarh | INFO | Model Saved
2025-12-09 15:21:23 | Prophet_Chattisgarh | INFO | Creating Report for Prophet Chhattisgarh model
2025-12-09 15:21:23 | Prophet_Chattisgarh | INFO | Report Generated
