2025-08-07 10:36:40 | SCM-Data-Clean | INFO | Creating Clean Product Column.......
2025-08-07 10:36:40 | SCM-Data-Clean | INFO | Sucessfully Created Product Column.

2025-08-07 10:36:40 | SCM-Data-Clean | INFO | Dropping NA value in Product Columns.......
2025-08-07 10:36:40 | SCM-Data-Clean | INFO | Number of rows removed: 4944

2025-08-07 10:36:40 | SCM-Data-Clean | INFO | Converting Billing Date to datetime format.......
2025-08-07 10:36:40 | SCM-Data-Clean | INFO | Creating Month Column......
2025-08-07 10:36:41 | SCM-Data-Clean | INFO | successfully Created Month Column.

2025-08-07 10:36:41 | SCM-Data-Clean | INFO | Creating Season Column.......
2025-08-07 10:36:41 | SCM-Data-Clean | INFO | Successfully Created Season column.

2025-08-07 10:36:41 | SCM-Data-Clean | INFO | Creating FY Column..........
2025-08-07 10:36:41 | SCM-Data-Clean | INFO | Successfully Created FY Column

2025-08-07 10:36:41 | SCM-Data-Clean | INFO | Creating State Columns.......
2025-08-07 10:36:42 | SCM-Data-Clean | INFO | Successfully Created State Columns

2025-08-07 10:36:42 | SCM-Data-Clean | INFO | Mapping Dealership to District Column....... 
2025-08-07 10:36:42 | SCM-Data-Clean | INFO | Number of rows where district is not found:7573
2025-08-07 10:36:42 | SCM-Data-Clean | INFO | Filtering Mahalaabh and Gr. from the data.....
2025-08-07 10:36:42 | SCM-Data-Clean | INFO | Number of rows after filtering:(33093, 15)

2025-08-07 10:36:42 | SCM-Data-Clean | INFO | Converting Kg to MT.....
2025-08-07 10:36:42 | SCM-Data-Clean | INFO | Sucessfully Converted Kg to MT

2025-08-07 10:36:43 | SCM-Data-Clean | INFO | 1035.8709999999994
2025-08-07 10:36:43 | SCM-Data-Clean | INFO | Required Columns.......
2025-08-07 10:36:43 | SCM-Data-Clean | INFO | 1035.8709999999992
2025-08-07 10:36:43 | SCM-Data-Clean | INFO | Sucessfully Created MH,TN,CG,GJ varaible
2025-08-07 10:36:43 | SCM-Data-Clean | INFO | ---- Step Completed ----

2025-08-07 10:36:43 | SCM-Data-Clean | INFO | Creating CSV for data.......
2025-08-07 10:36:47 | SCM-Data-Clean | INFO | Successfully created CSV files.

2025-08-07 10:44:40 | SCM-Data-Clean | INFO | Creating Clean Product Column.......
2025-08-07 10:44:41 | SCM-Data-Clean | INFO | Sucessfully Created Product Column.

2025-08-07 10:44:41 | SCM-Data-Clean | INFO | Dropping NA value in Product Columns.......
2025-08-07 10:44:41 | SCM-Data-Clean | INFO | Number of rows removed: 4944

2025-08-07 10:44:41 | SCM-Data-Clean | INFO | Converting Billing Date to datetime format.......
2025-08-07 10:44:41 | SCM-Data-Clean | INFO | Creating Month Column......
2025-08-07 10:44:41 | SCM-Data-Clean | INFO | successfully Created Month Column.

2025-08-07 10:44:41 | SCM-Data-Clean | INFO | Creating Season Column.......
2025-08-07 10:44:41 | SCM-Data-Clean | INFO | Successfully Created Season column.

2025-08-07 10:44:41 | SCM-Data-Clean | INFO | Creating FY Column..........
2025-08-07 10:44:41 | SCM-Data-Clean | INFO | Successfully Created FY Column

2025-08-07 10:44:41 | SCM-Data-Clean | INFO | Creating State Columns.......
2025-08-07 10:44:41 | SCM-Data-Clean | INFO | Successfully Created State Columns

2025-08-07 10:44:41 | SCM-Data-Clean | INFO | Mapping Dealership to District Column....... 
2025-08-07 10:44:41 | SCM-Data-Clean | INFO | Number of rows where district is not found:7573
2025-08-07 10:44:41 | SCM-Data-Clean | INFO | Filtering Mahalaabh and Gr. from the data.....
2025-08-07 10:44:41 | SCM-Data-Clean | INFO | Number of rows after filtering:(33093, 15)

2025-08-07 10:44:41 | SCM-Data-Clean | INFO | Converting Kg to MT.....
2025-08-07 10:44:41 | SCM-Data-Clean | INFO | Sucessfully Converted Kg to MT

2025-08-07 10:44:41 | SCM-Data-Clean | INFO | 1035.8709999999994
2025-08-07 10:44:41 | SCM-Data-Clean | INFO | Required Columns.......
2025-08-07 10:44:41 | SCM-Data-Clean | INFO | 1035.8709999999992
2025-08-07 10:44:41 | SCM-Data-Clean | INFO | Sucessfully Created MH,TN,CG,GJ varaible
2025-08-07 10:44:41 | SCM-Data-Clean | INFO | ---- Step Completed ----

2025-08-07 10:44:41 | SCM-Data-Clean | INFO | Creating CSV for data.......
2025-08-07 10:44:43 | SCM-Data-Clean | INFO | Successfully created CSV files.

2025-08-07 10:47:16 | SCM-Data-Clean | INFO | Creating Clean Product Column.......
2025-08-07 10:47:17 | SCM-Data-Clean | INFO | Sucessfully Created Product Column.

2025-08-07 10:47:17 | SCM-Data-Clean | INFO | Dropping NA value in Product Columns.......
2025-08-07 10:47:17 | SCM-Data-Clean | INFO | Number of rows removed: 4944

2025-08-07 10:47:17 | SCM-Data-Clean | INFO | Converting Billing Date to datetime format.......
2025-08-07 10:47:17 | SCM-Data-Clean | INFO | Creating Month Column......
2025-08-07 10:47:17 | SCM-Data-Clean | INFO | successfully Created Month Column.

2025-08-07 10:47:17 | SCM-Data-Clean | INFO | Creating Season Column.......
2025-08-07 10:47:17 | SCM-Data-Clean | INFO | Successfully Created Season column.

2025-08-07 10:47:17 | SCM-Data-Clean | INFO | Creating FY Column..........
2025-08-07 10:47:18 | SCM-Data-Clean | INFO | Successfully Created FY Column

2025-08-07 10:47:18 | SCM-Data-Clean | INFO | Creating State Columns.......
2025-08-07 10:47:18 | SCM-Data-Clean | INFO | Successfully Created State Columns

2025-08-07 10:47:18 | SCM-Data-Clean | INFO | Mapping Dealership to District Column....... 
2025-08-07 10:47:18 | SCM-Data-Clean | INFO | Number of rows where district is not found:7573
2025-08-07 10:47:18 | SCM-Data-Clean | INFO | Filtering Mahalaabh and Gr. from the data.....
2025-08-07 10:47:18 | SCM-Data-Clean | INFO | Number of rows after filtering:(33093, 15)

2025-08-07 10:47:18 | SCM-Data-Clean | INFO | Converting Kg to MT.....
2025-08-07 10:47:18 | SCM-Data-Clean | INFO | Sucessfully Converted Kg to MT

2025-08-07 10:47:18 | SCM-Data-Clean | INFO | 1035.8709999999994
2025-08-07 10:47:18 | SCM-Data-Clean | INFO | Required Columns.......
2025-08-07 10:47:18 | SCM-Data-Clean | ERROR | Missing Columns(columns are not matching):['District']

2025-08-07 10:47:18 | SCM-Data-Clean | ERROR | Error occured while creating state wise dataframes:"['District'] not in index"
2025-08-07 10:51:23 | SCM-Data-Clean | INFO | Creating Clean Product Column.......
2025-08-07 10:51:23 | SCM-Data-Clean | INFO | Sucessfully Created Product Column.

2025-08-07 10:51:23 | SCM-Data-Clean | INFO | Dropping NA value in Product Columns.......
2025-08-07 10:51:23 | SCM-Data-Clean | INFO | Number of rows removed: 4944

2025-08-07 10:51:24 | SCM-Data-Clean | INFO | Converting Billing Date to datetime format.......
2025-08-07 10:51:24 | SCM-Data-Clean | INFO | Creating Month Column......
2025-08-07 10:51:25 | SCM-Data-Clean | INFO | successfully Created Month Column.

2025-08-07 10:51:25 | SCM-Data-Clean | INFO | Creating Season Column.......
2025-08-07 10:51:25 | SCM-Data-Clean | INFO | Successfully Created Season column.

2025-08-07 10:51:25 | SCM-Data-Clean | INFO | Creating FY Column..........
2025-08-07 10:51:25 | SCM-Data-Clean | INFO | Successfully Created FY Column

2025-08-07 10:51:26 | SCM-Data-Clean | INFO | Creating State Columns.......
2025-08-07 10:51:26 | SCM-Data-Clean | INFO | Successfully Created State Columns

2025-08-07 10:51:26 | SCM-Data-Clean | INFO | Mapping Dealership to District Column....... 
2025-08-07 10:51:26 | SCM-Data-Clean | INFO | Number of rows where district is not found:7573
2025-08-07 10:51:27 | SCM-Data-Clean | INFO | Filtering Mahalaabh and Gr. from the data.....
2025-08-07 10:51:27 | SCM-Data-Clean | INFO | Number of rows after filtering:(33093, 15)

2025-08-07 10:51:28 | SCM-Data-Clean | INFO | Converting Kg to MT.....
2025-08-07 10:51:28 | SCM-Data-Clean | INFO | Sucessfully Converted Kg to MT

2025-08-07 10:51:28 | SCM-Data-Clean | INFO | 1035.8709999999994
2025-08-07 10:51:28 | SCM-Data-Clean | ERROR | Error occured while creating monthly data:No axis named State for object type DataFrame
2025-08-07 10:55:52 | SCM-Data-Clean | INFO | Creating Clean Product Column.......
2025-08-07 10:55:52 | SCM-Data-Clean | INFO | Sucessfully Created Product Column.

2025-08-07 10:55:52 | SCM-Data-Clean | INFO | Dropping NA value in Product Columns.......
2025-08-07 10:55:53 | SCM-Data-Clean | INFO | Number of rows removed: 4944

2025-08-07 10:55:53 | SCM-Data-Clean | INFO | Converting Billing Date to datetime format.......
2025-08-07 10:55:53 | SCM-Data-Clean | INFO | Creating Month Column......
2025-08-07 10:55:53 | SCM-Data-Clean | INFO | successfully Created Month Column.

2025-08-07 10:55:53 | SCM-Data-Clean | INFO | Creating Season Column.......
2025-08-07 10:55:53 | SCM-Data-Clean | INFO | Successfully Created Season column.

2025-08-07 10:55:54 | SCM-Data-Clean | INFO | Creating FY Column..........
2025-08-07 10:55:54 | SCM-Data-Clean | INFO | Successfully Created FY Column

2025-08-07 10:55:54 | SCM-Data-Clean | INFO | Creating State Columns.......
2025-08-07 10:55:54 | SCM-Data-Clean | INFO | Successfully Created State Columns

2025-08-07 10:55:54 | SCM-Data-Clean | INFO | Mapping Dealership to District Column....... 
2025-08-07 10:55:55 | SCM-Data-Clean | INFO | Number of rows where district is not found:7573
2025-08-07 10:55:55 | SCM-Data-Clean | INFO | Filtering Mahalaabh and Gr. from the data.....
2025-08-07 10:55:55 | SCM-Data-Clean | INFO | Number of rows after filtering:(33093, 15)

2025-08-07 10:55:55 | SCM-Data-Clean | INFO | Converting Kg to MT.....
2025-08-07 10:55:55 | SCM-Data-Clean | INFO | Sucessfully Converted Kg to MT

2025-08-07 10:55:55 | SCM-Data-Clean | INFO | 1035.8709999999994
2025-08-07 10:55:56 | SCM-Data-Clean | INFO | Required Columns.......
2025-08-07 10:55:56 | SCM-Data-Clean | INFO | 369.576
2025-08-07 10:55:56 | SCM-Data-Clean | INFO | Sucessfully Created MH,TN,CG,GJ varaible
2025-08-07 10:55:56 | SCM-Data-Clean | INFO | ---- Step Completed ----

2025-08-07 10:55:57 | SCM-Data-Clean | INFO | Creating CSV for data.......
2025-08-07 10:56:04 | SCM-Data-Clean | INFO | Successfully created CSV files.

2025-08-07 12:24:00 | SCM-Data-Clean | INFO | Creating Clean Product Column.......
2025-08-07 12:24:01 | SCM-Data-Clean | INFO | Sucessfully Created Product Column.

2025-08-07 12:24:01 | SCM-Data-Clean | INFO | Dropping NA value in Product Columns.......
2025-08-07 12:24:01 | SCM-Data-Clean | INFO | Number of rows removed: 4944

2025-08-07 12:24:01 | SCM-Data-Clean | INFO | Converting Billing Date to datetime format.......
2025-08-07 12:24:01 | SCM-Data-Clean | INFO | Creating Month Column......
2025-08-07 12:24:01 | SCM-Data-Clean | INFO | successfully Created Month Column.

2025-08-07 12:24:01 | SCM-Data-Clean | INFO | Creating Season Column.......
2025-08-07 12:24:01 | SCM-Data-Clean | INFO | Successfully Created Season column.

2025-08-07 12:24:01 | SCM-Data-Clean | INFO | Creating FY Column..........
2025-08-07 12:24:01 | SCM-Data-Clean | INFO | Successfully Created FY Column

2025-08-07 12:24:01 | SCM-Data-Clean | INFO | Creating State Columns.......
2025-08-07 12:24:01 | SCM-Data-Clean | INFO | Successfully Created State Columns

2025-08-07 12:24:01 | SCM-Data-Clean | INFO | Mapping Dealership to District Column....... 
2025-08-07 12:24:01 | SCM-Data-Clean | INFO | Number of rows where district is not found:7573
2025-08-07 12:24:01 | SCM-Data-Clean | INFO | Filtering Mahalaabh and Gr. from the data.....
2025-08-07 12:24:02 | SCM-Data-Clean | INFO | Number of rows after filtering:(33093, 15)

2025-08-07 12:24:02 | SCM-Data-Clean | INFO | Converting Kg to MT.....
2025-08-07 12:24:02 | SCM-Data-Clean | INFO | Sucessfully Converted Kg to MT

2025-08-07 12:24:02 | SCM-Data-Clean | INFO | Required Columns.......
2025-08-07 12:24:02 | SCM-Data-Clean | ERROR | Missing Columns(columns are not matching):['District']

2025-08-07 12:24:02 | SCM-Data-Clean | ERROR | Error occured while creating state wise dataframes:"['District'] not in index"
2025-08-07 12:26:34 | SCM-Data-Clean | INFO | Creating Clean Product Column.......
2025-08-07 12:26:35 | SCM-Data-Clean | INFO | Sucessfully Created Product Column.

2025-08-07 12:26:35 | SCM-Data-Clean | INFO | Dropping NA value in Product Columns.......
2025-08-07 12:26:35 | SCM-Data-Clean | INFO | Number of rows removed: 4944

2025-08-07 12:26:35 | SCM-Data-Clean | INFO | Converting Billing Date to datetime format.......
2025-08-07 12:26:35 | SCM-Data-Clean | INFO | Creating Month Column......
2025-08-07 12:26:35 | SCM-Data-Clean | INFO | successfully Created Month Column.

2025-08-07 12:26:35 | SCM-Data-Clean | INFO | Creating Season Column.......
2025-08-07 12:26:35 | SCM-Data-Clean | INFO | Successfully Created Season column.

2025-08-07 12:26:35 | SCM-Data-Clean | INFO | Creating FY Column..........
2025-08-07 12:26:35 | SCM-Data-Clean | INFO | Successfully Created FY Column

2025-08-07 12:26:35 | SCM-Data-Clean | INFO | Creating State Columns.......
2025-08-07 12:26:35 | SCM-Data-Clean | INFO | Successfully Created State Columns

2025-08-07 12:26:35 | SCM-Data-Clean | INFO | Mapping Dealership to District Column....... 
2025-08-07 12:26:35 | SCM-Data-Clean | INFO | Number of rows where district is not found:7573
2025-08-07 12:26:35 | SCM-Data-Clean | INFO | Filtering Mahalaabh and Gr. from the data.....
2025-08-07 12:26:35 | SCM-Data-Clean | INFO | Number of rows after filtering:(33093, 15)

2025-08-07 12:26:35 | SCM-Data-Clean | INFO | Converting Kg to MT.....
2025-08-07 12:26:35 | SCM-Data-Clean | INFO | Sucessfully Converted Kg to MT

2025-08-07 12:26:35 | SCM-Data-Clean | INFO | Required Columns.......
2025-08-07 12:26:35 | SCM-Data-Clean | INFO | Sucessfully Created MH,TN,CG,GJ varaible
2025-08-07 12:26:35 | SCM-Data-Clean | INFO | ---- Step Completed ----

2025-08-07 12:26:35 | SCM-Data-Clean | INFO | Creating CSV for data.......
2025-08-07 12:26:36 | SCM-Data-Clean | INFO | Successfully created CSV files.

2025-08-07 12:30:02 | SCM-Data-Clean | INFO | Creating Clean Product Column.......
2025-08-07 12:30:03 | SCM-Data-Clean | INFO | Sucessfully Created Product Column.

2025-08-07 12:30:03 | SCM-Data-Clean | INFO | Dropping NA value in Product Columns.......
2025-08-07 12:30:03 | SCM-Data-Clean | INFO | Number of rows removed: 4944

2025-08-07 12:30:03 | SCM-Data-Clean | INFO | Converting Billing Date to datetime format.......
2025-08-07 12:30:03 | SCM-Data-Clean | INFO | Creating Month Column......
2025-08-07 12:30:03 | SCM-Data-Clean | INFO | successfully Created Month Column.

2025-08-07 12:30:03 | SCM-Data-Clean | INFO | Creating Season Column.......
2025-08-07 12:30:03 | SCM-Data-Clean | INFO | Successfully Created Season column.

2025-08-07 12:30:03 | SCM-Data-Clean | INFO | Creating FY Column..........
2025-08-07 12:30:03 | SCM-Data-Clean | INFO | Successfully Created FY Column

2025-08-07 12:30:03 | SCM-Data-Clean | INFO | Creating State Columns.......
2025-08-07 12:30:03 | SCM-Data-Clean | INFO | Successfully Created State Columns

2025-08-07 12:30:03 | SCM-Data-Clean | INFO | Mapping Dealership to District Column....... 
2025-08-07 12:30:04 | SCM-Data-Clean | INFO | Number of rows where district is not found:7573
2025-08-07 12:30:04 | SCM-Data-Clean | INFO | Filtering Mahalaabh and Gr. from the data.....
2025-08-07 12:30:04 | SCM-Data-Clean | INFO | Number of rows after filtering:(33093, 15)

2025-08-07 12:30:04 | SCM-Data-Clean | INFO | Converting Kg to MT.....
2025-08-07 12:30:04 | SCM-Data-Clean | INFO | Sucessfully Converted Kg to MT

2025-08-07 12:30:04 | SCM-Data-Clean | INFO | Required Columns.......
2025-08-07 12:30:04 | SCM-Data-Clean | INFO | Sucessfully Created MH,TN,CG,GJ varaible
2025-08-07 12:30:04 | SCM-Data-Clean | INFO | ---- Step Completed ----

2025-08-07 12:30:04 | SCM-Data-Clean | INFO | Creating CSV for data.......
2025-08-07 12:30:08 | SCM-Data-Clean | INFO | Successfully created CSV files.

2025-08-07 12:35:37 | SCM-Data-Clean | INFO | Creating Clean Product Column.......
2025-08-07 12:35:38 | SCM-Data-Clean | INFO | Sucessfully Created Product Column.

2025-08-07 12:35:38 | SCM-Data-Clean | INFO | Dropping NA value in Product Columns.......
2025-08-07 12:35:38 | SCM-Data-Clean | INFO | Number of rows removed: 4944

2025-08-07 12:35:38 | SCM-Data-Clean | INFO | Converting Billing Date to datetime format.......
2025-08-07 12:35:38 | SCM-Data-Clean | INFO | Creating Month Column......
2025-08-07 12:35:38 | SCM-Data-Clean | INFO | successfully Created Month Column.

2025-08-07 12:35:38 | SCM-Data-Clean | INFO | Creating Season Column.......
2025-08-07 12:35:38 | SCM-Data-Clean | INFO | Successfully Created Season column.

2025-08-07 12:35:38 | SCM-Data-Clean | INFO | Creating FY Column..........
2025-08-07 12:35:39 | SCM-Data-Clean | INFO | Successfully Created FY Column

2025-08-07 12:35:39 | SCM-Data-Clean | INFO | Creating State Columns.......
2025-08-07 12:35:39 | SCM-Data-Clean | INFO | Successfully Created State Columns

2025-08-07 12:35:39 | SCM-Data-Clean | INFO | Mapping Dealership to District Column....... 
2025-08-07 12:35:39 | SCM-Data-Clean | INFO | Number of rows where district is not found:7573
2025-08-07 12:35:39 | SCM-Data-Clean | INFO | Filtering Mahalaabh and Gr. from the data.....
2025-08-07 12:35:39 | SCM-Data-Clean | INFO | Number of rows after filtering:(33093, 15)

2025-08-07 12:35:39 | SCM-Data-Clean | INFO | Converting Kg to MT.....
2025-08-07 12:35:39 | SCM-Data-Clean | INFO | Sucessfully Converted Kg to MT

2025-08-07 12:35:39 | SCM-Data-Clean | INFO | Required Columns.......
2025-08-07 12:35:39 | SCM-Data-Clean | INFO | Sucessfully Created MH,TN,CG,GJ varaible
2025-08-07 12:35:39 | SCM-Data-Clean | INFO | ---- Step Completed ----

2025-08-07 12:35:39 | SCM-Data-Clean | INFO | Creating CSV for data.......
2025-08-07 12:35:39 | SCM-Data-Clean | INFO | Successfully created CSV files.

2025-08-07 12:41:46 | SCM-Data-Clean | INFO | Creating Clean Product Column.......
2025-08-07 12:41:46 | SCM-Data-Clean | INFO | Sucessfully Created Product Column.

2025-08-07 12:41:46 | SCM-Data-Clean | INFO | Dropping NA value in Product Columns.......
2025-08-07 12:41:46 | SCM-Data-Clean | INFO | Number of rows removed: 4944

2025-08-07 12:41:46 | SCM-Data-Clean | INFO | Converting Billing Date to datetime format.......
2025-08-07 12:41:46 | SCM-Data-Clean | INFO | Creating Month Column......
2025-08-07 12:41:46 | SCM-Data-Clean | INFO | successfully Created Month Column.

2025-08-07 12:41:46 | SCM-Data-Clean | INFO | Creating Season Column.......
2025-08-07 12:41:46 | SCM-Data-Clean | INFO | Successfully Created Season column.

2025-08-07 12:41:46 | SCM-Data-Clean | INFO | Creating FY Column..........
2025-08-07 12:41:47 | SCM-Data-Clean | INFO | Successfully Created FY Column

2025-08-07 12:41:47 | SCM-Data-Clean | INFO | Creating State Columns.......
2025-08-07 12:41:47 | SCM-Data-Clean | INFO | Successfully Created State Columns

2025-08-07 12:41:47 | SCM-Data-Clean | INFO | Mapping Dealership to District Column....... 
2025-08-07 12:41:47 | SCM-Data-Clean | INFO | Number of rows where district is not found:7573
2025-08-07 12:41:47 | SCM-Data-Clean | INFO | Filtering Mahalaabh and Gr. from the data.....
2025-08-07 12:41:47 | SCM-Data-Clean | INFO | Number of rows after filtering:(33093, 15)

2025-08-07 12:41:47 | SCM-Data-Clean | INFO | Converting Kg to MT.....
2025-08-07 12:41:47 | SCM-Data-Clean | INFO | Sucessfully Converted Kg to MT

2025-08-07 12:41:47 | SCM-Data-Clean | INFO | Required Columns.......
2025-08-07 12:41:47 | SCM-Data-Clean | INFO | Sucessfully Created MH,TN,CG,GJ varaible
2025-08-07 12:41:47 | SCM-Data-Clean | INFO | ---- Step Completed ----

2025-08-07 12:41:47 | SCM-Data-Clean | INFO | Creating CSV for data.......
2025-08-07 12:41:47 | SCM-Data-Clean | INFO | Successfully created CSV files.

2025-08-07 14:08:56 | SCM-Data-Clean | INFO | Creating Clean Product Column.......
2025-08-07 14:08:57 | SCM-Data-Clean | INFO | Sucessfully Created Product Column.

2025-08-07 14:08:57 | SCM-Data-Clean | INFO | Dropping NA value in Product Columns.......
2025-08-07 14:08:57 | SCM-Data-Clean | INFO | Number of rows removed: 4944

2025-08-07 14:08:57 | SCM-Data-Clean | INFO | Converting Billing Date to datetime format.......
2025-08-07 14:08:57 | SCM-Data-Clean | INFO | Creating Month Column......
2025-08-07 14:08:57 | SCM-Data-Clean | INFO | successfully Created Month Column.

2025-08-07 14:08:57 | SCM-Data-Clean | INFO | Creating Season Column.......
2025-08-07 14:08:57 | SCM-Data-Clean | INFO | Successfully Created Season column.

2025-08-07 14:08:57 | SCM-Data-Clean | INFO | Creating FY Column..........
2025-08-07 14:08:57 | SCM-Data-Clean | INFO | Successfully Created FY Column

2025-08-07 14:08:57 | SCM-Data-Clean | INFO | Creating State Columns.......
2025-08-07 14:08:57 | SCM-Data-Clean | INFO | Successfully Created State Columns

2025-08-07 14:08:57 | SCM-Data-Clean | INFO | Mapping Dealership to District Column....... 
2025-08-07 14:08:57 | SCM-Data-Clean | INFO | Number of rows where district is not found:7573
2025-08-07 14:08:57 | SCM-Data-Clean | INFO | Filtering Mahalaabh and Gr. from the data.....
2025-08-07 14:08:58 | SCM-Data-Clean | INFO | Number of rows after filtering:(33093, 15)

2025-08-07 14:08:58 | SCM-Data-Clean | INFO | Converting Kg to MT.....
2025-08-07 14:08:58 | SCM-Data-Clean | INFO | Sucessfully Converted Kg to MT

2025-08-07 14:08:58 | SCM-Data-Clean | INFO | Required Columns.......
2025-08-07 14:08:58 | SCM-Data-Clean | INFO | Sucessfully Created MH,TN,CG,GJ varaible
2025-08-07 14:08:58 | SCM-Data-Clean | INFO | ---- Step Completed ----

2025-08-07 14:08:58 | SCM-Data-Clean | INFO | Creating CSV for data.......
2025-08-07 14:08:58 | SCM-Data-Clean | INFO | Successfully created CSV files.

2025-08-07 14:18:29 | SCM-Data-Clean | INFO | Creating Clean Product Column.......
2025-08-07 14:18:30 | SCM-Data-Clean | INFO | Sucessfully Created Product Column.

2025-08-07 14:18:30 | SCM-Data-Clean | INFO | Dropping NA value in Product Columns.......
2025-08-07 14:18:30 | SCM-Data-Clean | INFO | Number of rows removed: 4944

2025-08-07 14:18:30 | SCM-Data-Clean | INFO | Converting Billing Date to datetime format.......
2025-08-07 14:18:30 | SCM-Data-Clean | INFO | Creating Month Column......
2025-08-07 14:18:30 | SCM-Data-Clean | INFO | successfully Created Month Column.

2025-08-07 14:18:30 | SCM-Data-Clean | INFO | Creating Season Column.......
2025-08-07 14:18:30 | SCM-Data-Clean | INFO | Successfully Created Season column.

2025-08-07 14:18:30 | SCM-Data-Clean | INFO | Creating FY Column..........
2025-08-07 14:18:30 | SCM-Data-Clean | INFO | Successfully Created FY Column

2025-08-07 14:18:30 | SCM-Data-Clean | INFO | Creating State Columns.......
2025-08-07 14:18:30 | SCM-Data-Clean | INFO | Successfully Created State Columns

2025-08-07 14:18:30 | SCM-Data-Clean | INFO | Mapping Dealership to District Column....... 
2025-08-07 14:18:30 | SCM-Data-Clean | INFO | Number of rows where district is not found:7573
2025-08-07 14:18:30 | SCM-Data-Clean | INFO | Filtering Mahalaabh and Gr. from the data.....
2025-08-07 14:18:30 | SCM-Data-Clean | INFO | Number of rows after filtering:(33093, 15)

2025-08-07 14:18:30 | SCM-Data-Clean | INFO | Converting Kg to MT.....
2025-08-07 14:18:30 | SCM-Data-Clean | INFO | Sucessfully Converted Kg to MT

2025-08-07 14:18:30 | SCM-Data-Clean | INFO | Required Columns.......
2025-08-07 14:18:30 | SCM-Data-Clean | INFO | Sucessfully Created MH,TN,CG,GJ varaible
2025-08-07 14:18:30 | SCM-Data-Clean | INFO | ---- Step Completed ----

2025-08-07 14:18:30 | SCM-Data-Clean | INFO | Creating CSV for data.......
2025-08-07 14:18:31 | SCM-Data-Clean | INFO | Successfully created CSV files.

2025-08-07 14:55:14 | SCM-Data-Clean | INFO | Creating Clean Product Column.......
2025-08-07 14:55:14 | SCM-Data-Clean | INFO | Sucessfully Created Product Column.

2025-08-07 14:55:14 | SCM-Data-Clean | INFO | Dropping NA value in Product Columns.......
2025-08-07 14:55:14 | SCM-Data-Clean | INFO | Number of rows removed: 4944

2025-08-07 14:55:14 | SCM-Data-Clean | INFO | Converting Billing Date to datetime format.......
2025-08-07 14:55:14 | SCM-Data-Clean | INFO | Creating Month Column......
2025-08-07 14:55:14 | SCM-Data-Clean | INFO | successfully Created Month Column.

2025-08-07 14:55:14 | SCM-Data-Clean | INFO | Creating Season Column.......
2025-08-07 14:55:14 | SCM-Data-Clean | INFO | Successfully Created Season column.

2025-08-07 14:55:14 | SCM-Data-Clean | INFO | Creating FY Column..........
2025-08-07 14:55:15 | SCM-Data-Clean | INFO | Successfully Created FY Column

2025-08-07 14:55:15 | SCM-Data-Clean | INFO | Creating State Columns.......
2025-08-07 14:55:15 | SCM-Data-Clean | INFO | Successfully Created State Columns

2025-08-07 14:55:15 | SCM-Data-Clean | INFO | Mapping Dealership to District Column....... 
2025-08-07 14:55:15 | SCM-Data-Clean | INFO | Number of rows where district is not found:7573
2025-08-07 14:55:15 | SCM-Data-Clean | INFO | Filtering Mahalaabh and Gr. from the data.....
2025-08-07 14:55:15 | SCM-Data-Clean | INFO | Number of rows after filtering:(33093, 15)

2025-08-07 14:55:15 | SCM-Data-Clean | INFO | Converting Kg to MT.....
2025-08-07 14:55:15 | SCM-Data-Clean | INFO | Sucessfully Converted Kg to MT

2025-08-07 14:55:15 | SCM-Data-Clean | INFO | Required Columns.......
2025-08-07 14:55:15 | SCM-Data-Clean | INFO | Sucessfully Created MH,TN,CG,GJ varaible
2025-08-07 14:55:15 | SCM-Data-Clean | INFO | ---- Step Completed ----

2025-08-07 14:55:15 | SCM-Data-Clean | INFO | Creating CSV for data.......
2025-08-07 14:55:15 | SCM-Data-Clean | INFO | Successfully created CSV files.

2025-08-07 14:56:49 | SCM-Data-Clean | INFO | Creating Clean Product Column.......
2025-08-07 14:56:49 | SCM-Data-Clean | INFO | Sucessfully Created Product Column.

2025-08-07 14:56:49 | SCM-Data-Clean | INFO | Dropping NA value in Product Columns.......
2025-08-07 14:56:49 | SCM-Data-Clean | INFO | Number of rows removed: 4944

2025-08-07 14:56:49 | SCM-Data-Clean | INFO | Converting Billing Date to datetime format.......
2025-08-07 14:56:49 | SCM-Data-Clean | INFO | Creating Month Column......
2025-08-07 14:56:50 | SCM-Data-Clean | INFO | successfully Created Month Column.

2025-08-07 14:56:50 | SCM-Data-Clean | INFO | Creating Season Column.......
2025-08-07 14:56:50 | SCM-Data-Clean | INFO | Successfully Created Season column.

2025-08-07 14:56:50 | SCM-Data-Clean | INFO | Creating FY Column..........
2025-08-07 14:56:50 | SCM-Data-Clean | INFO | Successfully Created FY Column

2025-08-07 14:56:50 | SCM-Data-Clean | INFO | Creating State Columns.......
2025-08-07 14:56:50 | SCM-Data-Clean | INFO | Successfully Created State Columns

2025-08-07 14:56:50 | SCM-Data-Clean | INFO | Mapping Dealership to District Column....... 
2025-08-07 14:56:50 | SCM-Data-Clean | INFO | Number of rows where district is not found:7573
2025-08-07 14:56:50 | SCM-Data-Clean | INFO | Filtering Mahalaabh and Gr. from the data.....
2025-08-07 14:56:50 | SCM-Data-Clean | INFO | Number of rows after filtering:(33093, 15)

2025-08-07 14:56:50 | SCM-Data-Clean | INFO | Converting Kg to MT.....
2025-08-07 14:56:50 | SCM-Data-Clean | INFO | Sucessfully Converted Kg to MT

2025-08-07 14:56:50 | SCM-Data-Clean | INFO | Required Columns.......
2025-08-07 14:56:50 | SCM-Data-Clean | INFO | Sucessfully Created MH,TN,CG,GJ varaible
2025-08-07 14:56:50 | SCM-Data-Clean | INFO | ---- Step Completed ----

2025-08-07 14:56:50 | SCM-Data-Clean | INFO | Creating CSV for data.......
2025-08-07 14:56:50 | SCM-Data-Clean | INFO | Successfully created CSV files.

2025-08-07 15:14:37 | SCM-Data-Clean | INFO | Creating Clean Product Column.......
2025-08-07 15:14:38 | SCM-Data-Clean | INFO | Sucessfully Created Product Column.

2025-08-07 15:14:38 | SCM-Data-Clean | INFO | Dropping NA value in Product Columns.......
2025-08-07 15:14:38 | SCM-Data-Clean | INFO | Number of rows removed: 4944

2025-08-07 15:14:38 | SCM-Data-Clean | INFO | Converting Billing Date to datetime format.......
2025-08-07 15:14:38 | SCM-Data-Clean | INFO | Creating Month Column......
2025-08-07 15:14:38 | SCM-Data-Clean | INFO | successfully Created Month Column.

2025-08-07 15:14:38 | SCM-Data-Clean | INFO | Creating Season Column.......
2025-08-07 15:14:38 | SCM-Data-Clean | INFO | Successfully Created Season column.

2025-08-07 15:14:38 | SCM-Data-Clean | INFO | Creating FY Column..........
2025-08-07 15:14:38 | SCM-Data-Clean | INFO | Successfully Created FY Column

2025-08-07 15:14:38 | SCM-Data-Clean | INFO | Creating State Columns.......
2025-08-07 15:14:38 | SCM-Data-Clean | INFO | Successfully Created State Columns

2025-08-07 15:14:38 | SCM-Data-Clean | INFO | Mapping Dealership to District Column....... 
2025-08-07 15:14:38 | SCM-Data-Clean | INFO | Number of rows where district is not found:7573
2025-08-07 15:14:38 | SCM-Data-Clean | INFO | Filtering Mahalaabh and Gr. from the data.....
2025-08-07 15:14:38 | SCM-Data-Clean | INFO | Number of rows after filtering:(33093, 15)

2025-08-07 15:14:38 | SCM-Data-Clean | INFO | Converting Kg to MT.....
2025-08-07 15:14:38 | SCM-Data-Clean | INFO | Sucessfully Converted Kg to MT

2025-08-07 15:14:38 | SCM-Data-Clean | INFO | Required Columns.......
2025-08-07 15:14:38 | SCM-Data-Clean | INFO | Sucessfully Created MH,TN,CG,GJ varaible
2025-08-07 15:14:38 | SCM-Data-Clean | INFO | ---- Step Completed ----

2025-08-07 15:14:38 | SCM-Data-Clean | INFO | Creating CSV for data.......
2025-08-07 15:14:39 | SCM-Data-Clean | INFO | Successfully created CSV files.

2025-08-07 15:15:22 | SCM-Data-Clean | INFO | Creating Clean Product Column.......
2025-08-07 15:15:23 | SCM-Data-Clean | INFO | Sucessfully Created Product Column.

2025-08-07 15:15:23 | SCM-Data-Clean | INFO | Dropping NA value in Product Columns.......
2025-08-07 15:15:23 | SCM-Data-Clean | INFO | Number of rows removed: 4944

2025-08-07 15:15:23 | SCM-Data-Clean | INFO | Converting Billing Date to datetime format.......
2025-08-07 15:15:23 | SCM-Data-Clean | INFO | Creating Month Column......
2025-08-07 15:15:23 | SCM-Data-Clean | INFO | successfully Created Month Column.

2025-08-07 15:15:23 | SCM-Data-Clean | INFO | Creating Season Column.......
2025-08-07 15:15:23 | SCM-Data-Clean | INFO | Successfully Created Season column.

2025-08-07 15:15:23 | SCM-Data-Clean | INFO | Creating FY Column..........
2025-08-07 15:15:23 | SCM-Data-Clean | INFO | Successfully Created FY Column

2025-08-07 15:15:23 | SCM-Data-Clean | INFO | Creating State Columns.......
2025-08-07 15:15:23 | SCM-Data-Clean | INFO | Successfully Created State Columns

2025-08-07 15:15:23 | SCM-Data-Clean | INFO | Mapping Dealership to District Column....... 
2025-08-07 15:15:23 | SCM-Data-Clean | INFO | Number of rows where district is not found:7573
2025-08-07 15:15:23 | SCM-Data-Clean | INFO | Filtering Mahalaabh and Gr. from the data.....
2025-08-07 15:15:23 | SCM-Data-Clean | INFO | Number of rows after filtering:(33093, 15)

2025-08-07 15:15:23 | SCM-Data-Clean | INFO | Converting Kg to MT.....
2025-08-07 15:15:23 | SCM-Data-Clean | INFO | Sucessfully Converted Kg to MT

2025-08-07 15:15:24 | SCM-Data-Clean | INFO | Required Columns.......
2025-08-07 15:15:24 | SCM-Data-Clean | INFO | Sucessfully Created MH,TN,CG,GJ varaible
2025-08-07 15:15:24 | SCM-Data-Clean | INFO | ---- Step Completed ----

2025-08-07 15:15:24 | SCM-Data-Clean | INFO | Creating CSV for data.......
2025-08-07 15:15:24 | SCM-Data-Clean | INFO | Successfully created CSV files.

2025-08-07 15:17:14 | SCM-Data-Clean | INFO | Creating Clean Product Column.......
2025-08-07 15:17:14 | SCM-Data-Clean | INFO | Sucessfully Created Product Column.

2025-08-07 15:17:14 | SCM-Data-Clean | INFO | Dropping NA value in Product Columns.......
2025-08-07 15:17:14 | SCM-Data-Clean | INFO | Number of rows removed: 4944

2025-08-07 15:17:14 | SCM-Data-Clean | INFO | Converting Billing Date to datetime format.......
2025-08-07 15:17:14 | SCM-Data-Clean | INFO | Creating Month Column......
2025-08-07 15:17:14 | SCM-Data-Clean | INFO | successfully Created Month Column.

2025-08-07 15:17:14 | SCM-Data-Clean | INFO | Creating Season Column.......
2025-08-07 15:17:14 | SCM-Data-Clean | INFO | Successfully Created Season column.

2025-08-07 15:17:14 | SCM-Data-Clean | INFO | Creating FY Column..........
2025-08-07 15:17:15 | SCM-Data-Clean | INFO | Successfully Created FY Column

2025-08-07 15:17:15 | SCM-Data-Clean | INFO | Creating State Columns.......
2025-08-07 15:17:15 | SCM-Data-Clean | INFO | Successfully Created State Columns

2025-08-07 15:17:15 | SCM-Data-Clean | INFO | Mapping Dealership to District Column....... 
2025-08-07 15:17:15 | SCM-Data-Clean | INFO | Number of rows where district is not found:7573
2025-08-07 15:17:15 | SCM-Data-Clean | INFO | Filtering Mahalaabh and Gr. from the data.....
2025-08-07 15:17:15 | SCM-Data-Clean | INFO | Number of rows after filtering:(33093, 15)

2025-08-07 15:17:15 | SCM-Data-Clean | INFO | Converting Kg to MT.....
2025-08-07 15:17:15 | SCM-Data-Clean | INFO | Sucessfully Converted Kg to MT

2025-08-07 15:17:15 | SCM-Data-Clean | INFO | Required Columns.......
2025-08-07 15:17:15 | SCM-Data-Clean | INFO | Sucessfully Created MH,TN,CG,GJ varaible
2025-08-07 15:17:15 | SCM-Data-Clean | INFO | ---- Step Completed ----

2025-08-07 15:17:15 | SCM-Data-Clean | INFO | Creating CSV for data.......
2025-08-07 15:17:15 | SCM-Data-Clean | INFO | Successfully created CSV files.

2025-08-07 15:25:02 | SCM-Data-Clean | INFO | Creating Clean Product Column.......
2025-08-07 15:25:03 | SCM-Data-Clean | INFO | Sucessfully Created Product Column.

2025-08-07 15:25:03 | SCM-Data-Clean | INFO | Dropping NA value in Product Columns.......
2025-08-07 15:25:03 | SCM-Data-Clean | INFO | Number of rows removed: 4944

2025-08-07 15:25:03 | SCM-Data-Clean | INFO | Converting Billing Date to datetime format.......
2025-08-07 15:25:03 | SCM-Data-Clean | INFO | Creating Month Column......
2025-08-07 15:25:03 | SCM-Data-Clean | INFO | successfully Created Month Column.

2025-08-07 15:25:03 | SCM-Data-Clean | INFO | Creating Season Column.......
2025-08-07 15:25:03 | SCM-Data-Clean | INFO | Successfully Created Season column.

2025-08-07 15:25:03 | SCM-Data-Clean | INFO | Creating FY Column..........
2025-08-07 15:25:03 | SCM-Data-Clean | INFO | Successfully Created FY Column

2025-08-07 15:25:03 | SCM-Data-Clean | INFO | Creating State Columns.......
2025-08-07 15:25:03 | SCM-Data-Clean | INFO | Successfully Created State Columns

2025-08-07 15:25:03 | SCM-Data-Clean | INFO | Mapping Dealership to District Column....... 
2025-08-07 15:25:03 | SCM-Data-Clean | INFO | Number of rows where district is not found:7573
2025-08-07 15:25:03 | SCM-Data-Clean | INFO | Filtering Mahalaabh and Gr. from the data.....
2025-08-07 15:25:03 | SCM-Data-Clean | INFO | Number of rows after filtering:(33093, 15)

2025-08-07 15:25:03 | SCM-Data-Clean | INFO | Converting Kg to MT.....
2025-08-07 15:25:03 | SCM-Data-Clean | INFO | Sucessfully Converted Kg to MT

2025-08-07 15:25:03 | SCM-Data-Clean | INFO | Required Columns.......
2025-08-07 15:25:03 | SCM-Data-Clean | INFO | Sucessfully Created MH,TN,CG,GJ varaible
2025-08-07 15:25:04 | SCM-Data-Clean | INFO | ---- Step Completed ----

2025-08-07 15:25:04 | SCM-Data-Clean | INFO | Creating CSV for data.......
2025-08-07 15:25:05 | SCM-Data-Clean | INFO | Successfully created CSV files.

2025-08-07 15:52:30 | SCM-Data-Clean | INFO | Creating Clean Product Column.......
2025-08-07 15:52:31 | SCM-Data-Clean | INFO | Sucessfully Created Product Column.

2025-08-07 15:52:31 | SCM-Data-Clean | INFO | Dropping NA value in Product Columns.......
2025-08-07 15:52:31 | SCM-Data-Clean | INFO | Number of rows removed: 4944

2025-08-07 15:52:31 | SCM-Data-Clean | INFO | Converting Billing Date to datetime format.......
2025-08-07 15:52:31 | SCM-Data-Clean | INFO | Creating Month Column......
2025-08-07 15:52:31 | SCM-Data-Clean | INFO | successfully Created Month Column.

2025-08-07 15:52:31 | SCM-Data-Clean | INFO | Creating Season Column.......
2025-08-07 15:52:31 | SCM-Data-Clean | INFO | Successfully Created Season column.

2025-08-07 15:52:31 | SCM-Data-Clean | INFO | Creating FY Column..........
2025-08-07 15:52:31 | SCM-Data-Clean | INFO | Successfully Created FY Column

2025-08-07 15:52:31 | SCM-Data-Clean | INFO | Creating State Columns.......
2025-08-07 15:52:31 | SCM-Data-Clean | INFO | Successfully Created State Columns

2025-08-07 15:52:32 | SCM-Data-Clean | INFO | Mapping Dealership to District Column....... 
2025-08-07 15:52:32 | SCM-Data-Clean | INFO | Number of rows where district is not found:7573
2025-08-07 15:52:32 | SCM-Data-Clean | INFO | Filtering Mahalaabh and Gr. from the data.....
2025-08-07 15:52:32 | SCM-Data-Clean | INFO | Number of rows after filtering:(33093, 15)

2025-08-07 15:52:32 | SCM-Data-Clean | INFO | Converting Kg to MT.....
2025-08-07 15:52:32 | SCM-Data-Clean | INFO | Sucessfully Converted Kg to MT

2025-08-07 15:52:32 | SCM-Data-Clean | INFO | Required Columns.......
2025-08-07 15:52:32 | SCM-Data-Clean | INFO | Sucessfully Created MH,TN,CG,GJ varaible
2025-08-07 15:52:32 | SCM-Data-Clean | INFO | ---- Step Completed ----

2025-08-07 15:52:32 | SCM-Data-Clean | INFO | Creating CSV for data.......
2025-08-07 15:52:35 | SCM-Data-Clean | INFO | Successfully created CSV files.

2025-08-07 15:59:35 | SCM-Data-Clean | INFO | Creating Clean Product Column.......
2025-08-07 15:59:35 | SCM-Data-Clean | INFO | Sucessfully Created Product Column.

2025-08-07 15:59:36 | SCM-Data-Clean | INFO | Dropping NA value in Product Columns.......
2025-08-07 15:59:36 | SCM-Data-Clean | INFO | Number of rows removed: 4944

2025-08-07 15:59:36 | SCM-Data-Clean | INFO | Converting Billing Date to datetime format.......
2025-08-07 15:59:36 | SCM-Data-Clean | INFO | Creating Month Column......
2025-08-07 15:59:36 | SCM-Data-Clean | INFO | successfully Created Month Column.

2025-08-07 15:59:36 | SCM-Data-Clean | INFO | Creating Season Column.......
2025-08-07 15:59:36 | SCM-Data-Clean | INFO | Successfully Created Season column.

2025-08-07 15:59:36 | SCM-Data-Clean | INFO | Creating FY Column..........
2025-08-07 15:59:36 | SCM-Data-Clean | INFO | Successfully Created FY Column

2025-08-07 15:59:36 | SCM-Data-Clean | INFO | Creating State Columns.......
2025-08-07 15:59:36 | SCM-Data-Clean | INFO | Successfully Created State Columns

2025-08-07 15:59:36 | SCM-Data-Clean | INFO | Mapping Dealership to District Column....... 
2025-08-07 15:59:37 | SCM-Data-Clean | INFO | Number of rows where district is not found:7573
2025-08-07 15:59:37 | SCM-Data-Clean | INFO | Filtering Mahalaabh and Gr. from the data.....
2025-08-07 15:59:37 | SCM-Data-Clean | INFO | Number of rows after filtering:(33093, 15)

2025-08-07 15:59:37 | SCM-Data-Clean | INFO | Converting Kg to MT.....
2025-08-07 15:59:37 | SCM-Data-Clean | INFO | Sucessfully Converted Kg to MT

2025-08-07 15:59:37 | SCM-Data-Clean | INFO | Required Columns.......
2025-08-07 15:59:37 | SCM-Data-Clean | INFO | Sucessfully Created MH,TN,CG,GJ varaible
2025-08-07 15:59:37 | SCM-Data-Clean | INFO | ---- Step Completed ----

2025-08-07 15:59:37 | SCM-Data-Clean | INFO | Creating CSV for data.......
2025-08-07 15:59:41 | SCM-Data-Clean | INFO | Successfully created CSV files.

2025-08-07 16:05:06 | SCM-Data-Clean | INFO | Creating Clean Product Column.......
2025-08-07 16:05:07 | SCM-Data-Clean | INFO | Sucessfully Created Product Column.

2025-08-07 16:05:07 | SCM-Data-Clean | INFO | Dropping NA value in Product Columns.......
2025-08-07 16:05:07 | SCM-Data-Clean | INFO | Number of rows removed: 4944

2025-08-07 16:05:07 | SCM-Data-Clean | INFO | Converting Billing Date to datetime format.......
2025-08-07 16:05:07 | SCM-Data-Clean | INFO | Creating Month Column......
2025-08-07 16:05:07 | SCM-Data-Clean | INFO | successfully Created Month Column.

2025-08-07 16:05:07 | SCM-Data-Clean | INFO | Creating Season Column.......
2025-08-07 16:05:07 | SCM-Data-Clean | INFO | Successfully Created Season column.

2025-08-07 16:05:07 | SCM-Data-Clean | INFO | Creating FY Column..........
2025-08-07 16:05:07 | SCM-Data-Clean | INFO | Successfully Created FY Column

2025-08-07 16:05:07 | SCM-Data-Clean | INFO | Creating State Columns.......
2025-08-07 16:05:07 | SCM-Data-Clean | INFO | Successfully Created State Columns

2025-08-07 16:05:07 | SCM-Data-Clean | INFO | Mapping Dealership to District Column....... 
2025-08-07 16:05:07 | SCM-Data-Clean | INFO | Number of rows where district is not found:7573
2025-08-07 16:05:07 | SCM-Data-Clean | INFO | Filtering Mahalaabh and Gr. from the data.....
2025-08-07 16:05:07 | SCM-Data-Clean | INFO | Number of rows after filtering:(33093, 15)

2025-08-07 16:05:07 | SCM-Data-Clean | INFO | Converting Kg to MT.....
2025-08-07 16:05:07 | SCM-Data-Clean | INFO | Sucessfully Converted Kg to MT

2025-08-07 16:05:08 | SCM-Data-Clean | INFO | Required Columns.......
2025-08-07 16:05:08 | SCM-Data-Clean | INFO | Sucessfully Created MH,TN,CG,GJ varaible
2025-08-07 16:05:08 | SCM-Data-Clean | INFO | ---- Step Completed ----

2025-08-07 16:05:08 | SCM-Data-Clean | INFO | Creating CSV for data.......
2025-08-07 16:05:09 | SCM-Data-Clean | INFO | Successfully created CSV files.

2025-08-07 16:06:38 | SCM-Data-Clean | INFO | Creating Clean Product Column.......
2025-08-07 16:06:38 | SCM-Data-Clean | INFO | Sucessfully Created Product Column.

2025-08-07 16:06:38 | SCM-Data-Clean | INFO | Dropping NA value in Product Columns.......
2025-08-07 16:06:38 | SCM-Data-Clean | INFO | Number of rows removed: 4944

2025-08-07 16:06:38 | SCM-Data-Clean | INFO | Converting Billing Date to datetime format.......
2025-08-07 16:06:38 | SCM-Data-Clean | INFO | Creating Month Column......
2025-08-07 16:06:38 | SCM-Data-Clean | INFO | successfully Created Month Column.

2025-08-07 16:06:39 | SCM-Data-Clean | INFO | Creating Season Column.......
2025-08-07 16:06:39 | SCM-Data-Clean | INFO | Successfully Created Season column.

2025-08-07 16:06:39 | SCM-Data-Clean | INFO | Creating FY Column..........
2025-08-07 16:06:39 | SCM-Data-Clean | INFO | Successfully Created FY Column

2025-08-07 16:06:39 | SCM-Data-Clean | INFO | Creating State Columns.......
2025-08-07 16:06:39 | SCM-Data-Clean | INFO | Successfully Created State Columns

2025-08-07 16:06:39 | SCM-Data-Clean | INFO | Mapping Dealership to District Column....... 
2025-08-07 16:06:39 | SCM-Data-Clean | INFO | Number of rows where district is not found:7573
2025-08-07 16:06:39 | SCM-Data-Clean | INFO | Filtering Mahalaabh and Gr. from the data.....
2025-08-07 16:06:39 | SCM-Data-Clean | INFO | Number of rows after filtering:(33093, 15)

2025-08-07 16:06:39 | SCM-Data-Clean | INFO | Converting Kg to MT.....
2025-08-07 16:06:39 | SCM-Data-Clean | INFO | Sucessfully Converted Kg to MT

2025-08-07 16:06:39 | SCM-Data-Clean | INFO | Required Columns.......
2025-08-07 16:06:39 | SCM-Data-Clean | INFO | Sucessfully Created MH,TN,CG,GJ varaible
2025-08-07 16:06:39 | SCM-Data-Clean | INFO | ---- Step Completed ----

2025-08-07 16:06:39 | SCM-Data-Clean | INFO | Creating CSV for data.......
2025-08-07 16:06:39 | SCM-Data-Clean | INFO | Successfully created CSV files.

2025-08-07 16:12:39 | SCM-Data-Clean | INFO | Creating Clean Product Column.......
2025-08-07 16:12:39 | SCM-Data-Clean | INFO | Sucessfully Created Product Column.

2025-08-07 16:12:39 | SCM-Data-Clean | INFO | Dropping NA value in Product Columns.......
2025-08-07 16:12:39 | SCM-Data-Clean | INFO | Number of rows removed: 4944

2025-08-07 16:12:39 | SCM-Data-Clean | INFO | Converting Billing Date to datetime format.......
2025-08-07 16:12:39 | SCM-Data-Clean | INFO | Creating Month Column......
2025-08-07 16:12:40 | SCM-Data-Clean | INFO | successfully Created Month Column.

2025-08-07 16:12:40 | SCM-Data-Clean | INFO | Creating Season Column.......
2025-08-07 16:12:40 | SCM-Data-Clean | INFO | Successfully Created Season column.

2025-08-07 16:12:40 | SCM-Data-Clean | INFO | Creating FY Column..........
2025-08-07 16:12:40 | SCM-Data-Clean | INFO | Successfully Created FY Column

2025-08-07 16:12:40 | SCM-Data-Clean | INFO | Creating State Columns.......
2025-08-07 16:12:40 | SCM-Data-Clean | INFO | Successfully Created State Columns

2025-08-07 16:12:40 | SCM-Data-Clean | INFO | Mapping Dealership to District Column....... 
2025-08-07 16:12:40 | SCM-Data-Clean | INFO | Number of rows where district is not found:7573
2025-08-07 16:12:40 | SCM-Data-Clean | INFO | Filtering Mahalaabh and Gr. from the data.....
2025-08-07 16:12:41 | SCM-Data-Clean | INFO | Number of rows after filtering:(33093, 15)

2025-08-07 16:12:41 | SCM-Data-Clean | INFO | Converting Kg to MT.....
2025-08-07 16:12:41 | SCM-Data-Clean | INFO | Sucessfully Converted Kg to MT

2025-08-07 16:12:41 | SCM-Data-Clean | INFO | Required Columns.......
2025-08-07 16:12:41 | SCM-Data-Clean | INFO | Sucessfully Created MH,TN,CG,GJ varaible
2025-08-07 16:12:41 | SCM-Data-Clean | INFO | ---- Step Completed ----

2025-08-07 16:12:41 | SCM-Data-Clean | INFO | Creating CSV for data.......
2025-08-07 16:12:45 | SCM-Data-Clean | INFO | Successfully created CSV files.

2025-08-07 17:32:20 | SCM-Data-Clean | INFO | Creating Clean Product Column.......
2025-08-07 17:32:21 | SCM-Data-Clean | INFO | Sucessfully Created Product Column.

2025-08-07 17:32:21 | SCM-Data-Clean | INFO | Dropping NA value in Product Columns.......
2025-08-07 17:32:21 | SCM-Data-Clean | INFO | Number of rows removed: 4944

2025-08-07 17:32:21 | SCM-Data-Clean | INFO | Converting Billing Date to datetime format.......
2025-08-07 17:32:21 | SCM-Data-Clean | INFO | Creating Month Column......
2025-08-07 17:32:21 | SCM-Data-Clean | INFO | successfully Created Month Column.

2025-08-07 17:32:21 | SCM-Data-Clean | INFO | Creating Season Column.......
2025-08-07 17:32:21 | SCM-Data-Clean | INFO | Successfully Created Season column.

2025-08-07 17:32:21 | SCM-Data-Clean | INFO | Creating FY Column..........
2025-08-07 17:32:22 | SCM-Data-Clean | INFO | Successfully Created FY Column

2025-08-07 17:32:22 | SCM-Data-Clean | INFO | Creating State Columns.......
2025-08-07 17:32:22 | SCM-Data-Clean | INFO | Successfully Created State Columns

2025-08-07 17:32:22 | SCM-Data-Clean | INFO | Mapping Dealership to District Column....... 
2025-08-07 17:32:22 | SCM-Data-Clean | INFO | Number of rows where district is not found:7573
2025-08-07 17:32:22 | SCM-Data-Clean | INFO | Filtering Mahalaabh and Gr. from the data.....
2025-08-07 17:32:22 | SCM-Data-Clean | INFO | Number of rows after filtering:(33093, 15)

2025-08-07 17:32:22 | SCM-Data-Clean | INFO | Converting Kg to MT.....
2025-08-07 17:32:22 | SCM-Data-Clean | INFO | Sucessfully Converted Kg to MT

2025-08-07 17:32:22 | SCM-Data-Clean | INFO | Required Columns.......
2025-08-07 17:32:22 | SCM-Data-Clean | INFO | Sucessfully Created MH,TN,CG,GJ varaible
2025-08-07 17:32:22 | SCM-Data-Clean | INFO | ---- Step Completed ----

2025-08-07 17:32:22 | SCM-Data-Clean | INFO | Creating CSV for data.......
2025-08-07 17:32:23 | SCM-Data-Clean | INFO | Successfully created CSV files.

2025-08-07 17:34:42 | SCM-Data-Clean | INFO | Creating Clean Product Column.......
2025-08-07 17:34:43 | SCM-Data-Clean | INFO | Sucessfully Created Product Column.

2025-08-07 17:34:43 | SCM-Data-Clean | INFO | Dropping NA value in Product Columns.......
2025-08-07 17:34:44 | SCM-Data-Clean | INFO | Number of rows removed: 4944

2025-08-07 17:34:44 | SCM-Data-Clean | INFO | Converting Billing Date to datetime format.......
2025-08-07 17:34:44 | SCM-Data-Clean | INFO | Creating Month Column......
2025-08-07 17:34:44 | SCM-Data-Clean | INFO | successfully Created Month Column.

2025-08-07 17:34:44 | SCM-Data-Clean | INFO | Creating Season Column.......
2025-08-07 17:34:44 | SCM-Data-Clean | INFO | Successfully Created Season column.

2025-08-07 17:34:45 | SCM-Data-Clean | INFO | Creating FY Column..........
2025-08-07 17:34:45 | SCM-Data-Clean | INFO | Successfully Created FY Column

2025-08-07 17:34:45 | SCM-Data-Clean | INFO | Creating State Columns.......
2025-08-07 17:34:45 | SCM-Data-Clean | INFO | Successfully Created State Columns

2025-08-07 17:34:45 | SCM-Data-Clean | INFO | Mapping Dealership to District Column....... 
2025-08-07 17:34:45 | SCM-Data-Clean | INFO | Number of rows where district is not found:7573
2025-08-07 17:34:45 | SCM-Data-Clean | INFO | Filtering Mahalaabh and Gr. from the data.....
2025-08-07 17:34:45 | SCM-Data-Clean | INFO | Number of rows after filtering:(33093, 15)

2025-08-07 17:34:45 | SCM-Data-Clean | INFO | Converting Kg to MT.....
2025-08-07 17:34:45 | SCM-Data-Clean | INFO | Sucessfully Converted Kg to MT

2025-08-07 17:34:45 | SCM-Data-Clean | INFO | Required Columns.......
2025-08-07 17:34:45 | SCM-Data-Clean | INFO | Sucessfully Created MH,TN,CG,GJ varaible
2025-08-07 17:34:45 | SCM-Data-Clean | INFO | ---- Step Completed ----

2025-08-07 17:34:45 | SCM-Data-Clean | INFO | Creating CSV for data.......
2025-08-07 17:34:46 | SCM-Data-Clean | INFO | Successfully created CSV files.

2025-08-07 17:36:17 | SCM-Data-Clean | INFO | Creating Clean Product Column.......
2025-08-07 17:36:18 | SCM-Data-Clean | INFO | Sucessfully Created Product Column.

2025-08-07 17:36:18 | SCM-Data-Clean | INFO | Dropping NA value in Product Columns.......
2025-08-07 17:36:18 | SCM-Data-Clean | INFO | Number of rows removed: 4944

2025-08-07 17:36:18 | SCM-Data-Clean | INFO | Converting Billing Date to datetime format.......
2025-08-07 17:36:18 | SCM-Data-Clean | INFO | Creating Month Column......
2025-08-07 17:36:19 | SCM-Data-Clean | INFO | successfully Created Month Column.

2025-08-07 17:36:19 | SCM-Data-Clean | INFO | Creating Season Column.......
2025-08-07 17:36:19 | SCM-Data-Clean | INFO | Successfully Created Season column.

2025-08-07 17:36:19 | SCM-Data-Clean | INFO | Creating FY Column..........
2025-08-07 17:36:19 | SCM-Data-Clean | INFO | Successfully Created FY Column

2025-08-07 17:36:19 | SCM-Data-Clean | INFO | Creating State Columns.......
2025-08-07 17:36:19 | SCM-Data-Clean | INFO | Successfully Created State Columns

2025-08-07 17:36:19 | SCM-Data-Clean | INFO | Mapping Dealership to District Column....... 
2025-08-07 17:36:19 | SCM-Data-Clean | INFO | Number of rows where district is not found:7573
2025-08-07 17:36:19 | SCM-Data-Clean | INFO | Filtering Mahalaabh and Gr. from the data.....
2025-08-07 17:36:19 | SCM-Data-Clean | INFO | Number of rows after filtering:(33093, 15)

2025-08-07 17:36:19 | SCM-Data-Clean | INFO | Converting Kg to MT.....
2025-08-07 17:36:19 | SCM-Data-Clean | INFO | Sucessfully Converted Kg to MT

2025-08-07 17:36:20 | SCM-Data-Clean | INFO | Required Columns.......
2025-08-07 17:36:20 | SCM-Data-Clean | INFO | Sucessfully Created MH,TN,CG,GJ varaible
2025-08-07 17:36:20 | SCM-Data-Clean | INFO | ---- Step Completed ----

2025-08-07 17:36:20 | SCM-Data-Clean | INFO | Creating CSV for data.......
2025-08-07 17:36:20 | SCM-Data-Clean | INFO | Successfully created CSV files.

2025-08-07 18:08:59 | SCM-Data-Clean | INFO | Creating Clean Product Column.......
2025-08-07 18:09:02 | SCM-Data-Clean | INFO | Sucessfully Created Product Column.

2025-08-07 18:09:02 | SCM-Data-Clean | INFO | Dropping NA value in Product Columns.......
2025-08-07 18:09:02 | SCM-Data-Clean | INFO | Number of rows removed: 4944

2025-08-07 18:09:02 | SCM-Data-Clean | INFO | Converting Billing Date to datetime format.......
2025-08-07 18:09:02 | SCM-Data-Clean | INFO | Creating Month Column......
2025-08-07 18:09:03 | SCM-Data-Clean | INFO | successfully Created Month Column.

2025-08-07 18:09:03 | SCM-Data-Clean | INFO | Creating Season Column.......
2025-08-07 18:09:04 | SCM-Data-Clean | INFO | Successfully Created Season column.

2025-08-07 18:09:04 | SCM-Data-Clean | INFO | Creating FY Column..........
2025-08-07 18:09:04 | SCM-Data-Clean | INFO | Successfully Created FY Column

2025-08-07 18:09:04 | SCM-Data-Clean | INFO | Creating State Columns.......
2025-08-07 18:09:04 | SCM-Data-Clean | INFO | Successfully Created State Columns

2025-08-07 18:09:04 | SCM-Data-Clean | INFO | Mapping Dealership to District Column....... 
2025-08-07 18:09:04 | SCM-Data-Clean | INFO | Number of rows where district is not found:7573
2025-08-07 18:09:05 | SCM-Data-Clean | INFO | Filtering Mahalaabh and Gr. from the data.....
2025-08-07 18:09:05 | SCM-Data-Clean | INFO | Number of rows after filtering:(33093, 15)

2025-08-07 18:09:05 | SCM-Data-Clean | INFO | Converting Kg to MT.....
2025-08-07 18:09:05 | SCM-Data-Clean | INFO | Sucessfully Converted Kg to MT

2025-08-07 18:09:05 | SCM-Data-Clean | INFO | Required Columns.......
2025-08-07 18:09:05 | SCM-Data-Clean | INFO | Sucessfully Created MH,TN,CG,GJ varaible
2025-08-07 18:09:05 | SCM-Data-Clean | INFO | ---- Step Completed ----

2025-08-07 18:09:05 | SCM-Data-Clean | INFO | Creating CSV for data.......
2025-08-07 18:09:10 | SCM-Data-Clean | INFO | Successfully created CSV files.

2025-08-18 10:44:16 | SCM-Data-Clean | INFO | Creating Clean Product Column.......
2025-08-18 10:44:16 | SCM-Data-Clean | INFO | Sucessfully Created Product Column.

2025-08-18 10:44:16 | SCM-Data-Clean | INFO | Dropping NA value in Product Columns.......
2025-08-18 10:44:16 | SCM-Data-Clean | INFO | Number of rows removed: 4944

2025-08-18 10:44:16 | SCM-Data-Clean | INFO | Converting Billing Date to datetime format.......
2025-08-18 10:44:16 | SCM-Data-Clean | INFO | Creating Month Column......
2025-08-18 10:44:17 | SCM-Data-Clean | INFO | successfully Created Month Column.

2025-08-18 10:44:17 | SCM-Data-Clean | INFO | Creating Season Column.......
2025-08-18 10:44:17 | SCM-Data-Clean | INFO | Successfully Created Season column.

2025-08-18 10:44:17 | SCM-Data-Clean | INFO | Creating FY Column..........
2025-08-18 10:44:17 | SCM-Data-Clean | INFO | Successfully Created FY Column

2025-08-18 10:44:17 | SCM-Data-Clean | INFO | Creating State Columns.......
2025-08-18 10:44:17 | SCM-Data-Clean | INFO | Successfully Created State Columns

2025-08-18 10:44:17 | SCM-Data-Clean | INFO | Mapping Dealership to District Column....... 
2025-08-18 10:44:17 | SCM-Data-Clean | INFO | Number of rows where district is not found:7573
2025-08-18 10:44:17 | SCM-Data-Clean | INFO | Filtering Mahalaabh and Gr. from the data.....
2025-08-18 10:44:17 | SCM-Data-Clean | INFO | Number of rows after filtering:(33093, 15)

2025-08-18 10:44:17 | SCM-Data-Clean | INFO | Converting Kg to MT.....
2025-08-18 10:44:17 | SCM-Data-Clean | INFO | Sucessfully Converted Kg to MT

2025-08-18 10:44:17 | SCM-Data-Clean | INFO | Required Columns.......
2025-08-18 10:44:17 | SCM-Data-Clean | INFO | Sucessfully Created MH,TN,CG,GJ varaible
2025-08-18 10:44:17 | SCM-Data-Clean | INFO | ---- Step Completed ----

2025-08-18 10:44:17 | SCM-Data-Clean | INFO | Creating CSV for data.......
2025-08-18 10:44:19 | SCM-Data-Clean | INFO | Successfully created CSV files.

2025-08-18 11:28:20 | SCM-Data-Clean | INFO | Creating Clean Product Column.......
2025-08-18 11:28:20 | SCM-Data-Clean | INFO | Sucessfully Created Product Column.

2025-08-18 11:28:20 | SCM-Data-Clean | INFO | Dropping NA value in Product Columns.......
2025-08-18 11:28:20 | SCM-Data-Clean | INFO | Number of rows removed: 4944

2025-08-18 11:28:20 | SCM-Data-Clean | INFO | Converting Billing Date to datetime format.......
2025-08-18 11:28:20 | SCM-Data-Clean | INFO | Creating Month Column......
2025-08-18 11:28:21 | SCM-Data-Clean | INFO | successfully Created Month Column.

2025-08-18 11:28:21 | SCM-Data-Clean | INFO | Creating Season Column.......
2025-08-18 11:28:21 | SCM-Data-Clean | INFO | Successfully Created Season column.

2025-08-18 11:28:21 | SCM-Data-Clean | INFO | Creating FY Column..........
2025-08-18 11:28:21 | SCM-Data-Clean | INFO | Successfully Created FY Column

2025-08-18 11:28:21 | SCM-Data-Clean | INFO | Creating State Columns.......
2025-08-18 11:28:21 | SCM-Data-Clean | INFO | Successfully Created State Columns

2025-08-18 11:28:21 | SCM-Data-Clean | INFO | Mapping Dealership to District Column....... 
2025-08-18 11:28:21 | SCM-Data-Clean | INFO | Number of rows where district is not found:7573
2025-08-18 11:28:21 | SCM-Data-Clean | INFO | Filtering Mahalaabh and Gr. from the data.....
2025-08-18 11:28:21 | SCM-Data-Clean | INFO | Number of rows after filtering:(33093, 15)

2025-08-18 11:28:21 | SCM-Data-Clean | INFO | Converting Kg to MT.....
2025-08-18 11:28:21 | SCM-Data-Clean | INFO | Sucessfully Converted Kg to MT

2025-08-18 11:28:21 | SCM-Data-Clean | INFO | Required Columns.......
2025-08-18 11:28:21 | SCM-Data-Clean | INFO | Sucessfully Created MH,TN,CG,GJ varaible
2025-08-18 11:28:21 | SCM-Data-Clean | INFO | ---- Step Completed ----

2025-08-18 11:28:21 | SCM-Data-Clean | INFO | Creating CSV for data.......
2025-08-18 11:28:22 | SCM-Data-Clean | INFO | Successfully created CSV files.

2025-08-18 11:39:03 | SCM-Data-Clean | INFO | Creating Clean Product Column.......
2025-08-18 11:39:04 | SCM-Data-Clean | INFO | Sucessfully Created Product Column.

2025-08-18 11:39:04 | SCM-Data-Clean | INFO | Dropping NA value in Product Columns.......
2025-08-18 11:39:04 | SCM-Data-Clean | INFO | Number of rows removed: 4944

2025-08-18 11:39:04 | SCM-Data-Clean | INFO | Converting Billing Date to datetime format.......
2025-08-18 11:39:04 | SCM-Data-Clean | INFO | Creating Month Column......
2025-08-18 11:39:04 | SCM-Data-Clean | INFO | successfully Created Month Column.

2025-08-18 11:39:04 | SCM-Data-Clean | INFO | Creating Season Column.......
2025-08-18 11:39:04 | SCM-Data-Clean | INFO | Successfully Created Season column.

2025-08-18 11:39:04 | SCM-Data-Clean | INFO | Creating FY Column..........
2025-08-18 11:39:04 | SCM-Data-Clean | INFO | Successfully Created FY Column

2025-08-18 11:39:04 | SCM-Data-Clean | INFO | Creating State Columns.......
2025-08-18 11:39:04 | SCM-Data-Clean | INFO | Successfully Created State Columns

2025-08-18 11:39:04 | SCM-Data-Clean | INFO | Mapping Dealership to District Column....... 
2025-08-18 11:39:04 | SCM-Data-Clean | INFO | Number of rows where district is not found:7573
2025-08-18 11:39:04 | SCM-Data-Clean | INFO | Filtering Mahalaabh and Gr. from the data.....
2025-08-18 11:39:04 | SCM-Data-Clean | INFO | Number of rows after filtering:(33093, 15)

2025-08-18 11:39:04 | SCM-Data-Clean | INFO | Converting Kg to MT.....
2025-08-18 11:39:04 | SCM-Data-Clean | INFO | Sucessfully Converted Kg to MT

2025-08-18 11:39:05 | SCM-Data-Clean | INFO | Required Columns.......
2025-08-18 11:39:05 | SCM-Data-Clean | INFO | Sucessfully Created MH,TN,CG,GJ varaible
2025-08-18 11:39:05 | SCM-Data-Clean | INFO | ---- Step Completed ----

2025-08-18 11:39:05 | SCM-Data-Clean | INFO | Creating CSV for data.......
2025-08-18 11:39:05 | SCM-Data-Clean | INFO | Successfully created CSV files.

2025-08-18 11:40:38 | SCM-Data-Clean | INFO | Creating Clean Product Column.......
2025-08-18 11:40:38 | SCM-Data-Clean | INFO | Sucessfully Created Product Column.

2025-08-18 11:40:38 | SCM-Data-Clean | INFO | Dropping NA value in Product Columns.......
2025-08-18 11:40:38 | SCM-Data-Clean | INFO | Number of rows removed: 4944

2025-08-18 11:40:38 | SCM-Data-Clean | INFO | Converting Billing Date to datetime format.......
2025-08-18 11:40:38 | SCM-Data-Clean | INFO | Creating Month Column......
2025-08-18 11:40:39 | SCM-Data-Clean | INFO | successfully Created Month Column.

2025-08-18 11:40:39 | SCM-Data-Clean | INFO | Creating Season Column.......
2025-08-18 11:40:39 | SCM-Data-Clean | INFO | Successfully Created Season column.

2025-08-18 11:40:39 | SCM-Data-Clean | INFO | Creating FY Column..........
2025-08-18 11:40:39 | SCM-Data-Clean | INFO | Successfully Created FY Column

2025-08-18 11:40:39 | SCM-Data-Clean | INFO | Creating State Columns.......
2025-08-18 11:40:39 | SCM-Data-Clean | INFO | Successfully Created State Columns

2025-08-18 11:40:39 | SCM-Data-Clean | INFO | Mapping Dealership to District Column....... 
2025-08-18 11:40:39 | SCM-Data-Clean | INFO | Number of rows where district is not found:7573
2025-08-18 11:40:39 | SCM-Data-Clean | INFO | Filtering Mahalaabh and Gr. from the data.....
2025-08-18 11:40:39 | SCM-Data-Clean | INFO | Number of rows after filtering:(33093, 15)

2025-08-18 11:40:39 | SCM-Data-Clean | INFO | Converting Kg to MT.....
2025-08-18 11:40:40 | SCM-Data-Clean | INFO | Sucessfully Converted Kg to MT

2025-08-18 11:40:40 | SCM-Data-Clean | INFO | Required Columns.......
2025-08-18 11:40:40 | SCM-Data-Clean | INFO | Sucessfully Created MH,TN,CG,GJ varaible
2025-08-18 11:40:40 | SCM-Data-Clean | INFO | ---- Step Completed ----

2025-08-18 11:40:40 | SCM-Data-Clean | INFO | Creating CSV for data.......
2025-08-18 11:40:44 | SCM-Data-Clean | INFO | Successfully created CSV files.

